<?xml version="1.0" encoding="UTF-8"?>
<!-- Generated by org.testng.reporters.JUnitReportReporter -->
<testsuite hostname="DESKTOP-K591F3O" name="JenkinsIntegration.JenkinsIntegration.AppTest" tests="2" failures="0" timestamp="27 Jan 2020 19:21:52 GMT" time="1.200" errors="0">
  <testcase name="register" time="0.675" classname="JenkinsIntegration.JenkinsIntegration.AppTest"/>
  <testcase name="support" time="0.525" classname="JenkinsIntegration.JenkinsIntegration.AppTest"/>
</testsuite> <!-- JenkinsIntegration.JenkinsIntegration.AppTest -->
